w3/lab/SimpleActivityLifecycleDemoStudent/app/build/intermediates/manifest_merge_blame_file/debug/manifest-merger-blame-debug-report.txt
1<?xml version="1.0" encoding="utf-8"?>
2<manifest xmlns:android="http://schemas.android.com/apk/res/android"
3    package="edu.monash.fit2081.Week3"
4    android:versionCode="1"
5    android:versionName="1.0" >
6
7    <uses-sdk
8        android:minSdkVersion="25"
8-->src\main\AndroidManifest.xml
9        android:targetSdkVersion="27" />
9-->src\main\AndroidManifest.xml
10
11    <application
11-->src\main\AndroidManifest.xml:6:5-28:19
12        android:debuggable="true"
13        android:extractNativeLibs="false"
14        android:icon="@drawable/ic_launcher"
14-->src\main\AndroidManifest.xml:7:18-54
15        android:label="@string/app_name"
15-->src\main\AndroidManifest.xml:6:18-50
16        android:testOnly="true"
17        android:theme="@android:style/Theme.Material" >
17-->src\main\AndroidManifest.xml:8:18-63
18        <activity
18-->src\main\AndroidManifest.xml:9:9-16:20
19            android:name="edu.monash.fit2081.Testing.Lifecycles"
19-->src\main\AndroidManifest.xml:9:19-45
20            android:label="@string/app_name"
20-->src\main\AndroidManifest.xml:10:19-51
21            android:windowSoftInputMode="stateHidden" >
21-->src\main\AndroidManifest.xml:11:19-60
22            <intent-filter>
22-->src\main\AndroidManifest.xml:12:13-15:29
23                <action android:name="android.intent.action.MAIN" />
23-->src\main\AndroidManifest.xml:13:17-68
23-->src\main\AndroidManifest.xml:13:25-66
24
25                <category android:name="android.intent.category.LAUNCHER" />
25-->src\main\AndroidManifest.xml:14:17-76
25-->src\main\AndroidManifest.xml:14:27-74
26            </intent-filter>
27        </activity>
28        <activity
28-->src\main\AndroidManifest.xml:18:9-21:20
29            android:name="edu.monash.fit2081.Testing.TestFullActivity"
29-->src\main\AndroidManifest.xml:18:19-51
30            android:label="Yet Another Activity" >
30-->src\main\AndroidManifest.xml:19:19-55
31        </activity>
32        <activity
32-->src\main\AndroidManifest.xml:23:9-27:20
33            android:name="edu.monash.fit2081.Testing.TestPartialActivity"
33-->src\main\AndroidManifest.xml:23:19-54
34            android:label="Another Activity"
34-->src\main\AndroidManifest.xml:24:19-51
35            android:theme="@android:style/Theme.Dialog" >
35-->src\main\AndroidManifest.xml:25:19-62
36        </activity>
37    </application>
38
39</manifest>